# JRE version: Java(TM) SE Runtime Environment (8.0_112-b15) (build 1.8.0_112-b15)
# Java VM: Java HotSpot(TM) 64-Bit Server VM (25.112-b15 mixed mode windows-amd64 compressed oops)
Heap:
 PSYoungGen      total 57856K, used 54181K [0x00000007bc400000, 0x00000007c0000000, 0x00000007c0000000)
  eden space 54272K, 95% used [0x00000007bc400000,0x00000007bf691418,0x00000007bf900000)
  from space 3584K, 66% used [0x00000007bf900000,0x00000007bfb58010,0x00000007bfc80000)
  to   space 3584K, 0% used [0x00000007bfc80000,0x00000007bfc80000,0x00000007c0000000)
 ParOldGen       total 235008K, used 119408K [0x0000000700000000, 0x000000070e580000, 0x00000007bc400000)
  object space 235008K, 50% used [0x0000000700000000,0x000000070749c060,0x000000070e580000)
 Metaspace       used 87851K, capacity 88805K, committed 89520K, reserved 1126400K
  class space    used 12220K, capacity 12387K, committed 12464K, reserved 1048576K
GC Heap History (10 events):
Event: 7006.413 GC heap before
{Heap before GC invocations=1089 (full 82):
 PSYoungGen      total 57856K, used 55424K [0x00000007bc400000, 0x00000007c0000000, 0x00000007c0000000)
  eden space 54272K, 100% used [0x00000007bc400000,0x00000007bf900000,0x00000007bf900000)
  from space 3584K, 32% used [0x00000007bfc80000,0x00000007bfda0000,0x00000007c0000000)
  to   space 3584K, 0% used [0x00000007bf900000,0x00000007bf900000,0x00000007bfc80000)
 ParOldGen       total 235008K, used 119192K [0x0000000700000000, 0x000000070e580000, 0x00000007bc400000)
  object space 235008K, 50% used [0x0000000700000000,0x0000000707466060,0x000000070e580000)
 Metaspace       used 87851K, capacity 88805K, committed 89520K, reserved 1126400K
  class space    used 12220K, capacity 12387K, committed 12464K, reserved 1048576K
Event: 7006.417 GC heap after
Heap after GC invocations=1089 (full 82):
 PSYoungGen      total 57856K, used 1184K [0x00000007bc400000, 0x00000007c0000000, 0x00000007c0000000)
  eden space 54272K, 0% used [0x00000007bc400000,0x00000007bc400000,0x00000007bf900000)
  from space 3584K, 33% used [0x00000007bf900000,0x00000007bfa28000,0x00000007bfc80000)
  to   space 3584K, 0% used [0x00000007bfc80000,0x00000007bfc80000,0x00000007c0000000)
 ParOldGen       total 235008K, used 119232K [0x0000000700000000, 0x000000070e580000, 0x00000007bc400000)
  object space 235008K, 50% used [0x0000000700000000,0x0000000707470060,0x000000070e580000)
 Metaspace       used 87851K, capacity 88805K, committed 89520K, reserved 1126400K
  class space    used 12220K, capacity 12387K, committed 12464K, reserved 1048576K
}
Event: 7015.678 GC heap before
{Heap before GC invocations=1090 (full 82):
 PSYoungGen      total 57856K, used 55456K [0x00000007bc400000, 0x00000007c0000000, 0x00000007c0000000)
  eden space 54272K, 100% used [0x00000007bc400000,0x00000007bf900000,0x00000007bf900000)
  from space 3584K, 33% used [0x00000007bf900000,0x00000007bfa28000,0x00000007bfc80000)
  to   space 3584K, 0% used [0x00000007bfc80000,0x00000007bfc80000,0x00000007c0000000)
 ParOldGen       total 235008K, used 119232K [0x0000000700000000, 0x000000070e580000, 0x00000007bc400000)
  object space 235008K, 50% used [0x0000000700000000,0x0000000707470060,0x000000070e580000)
 Metaspace       used 87851K, capacity 88805K, committed 89520K, reserved 1126400K
  class space    used 12220K, capacity 12387K, committed 12464K, reserved 1048576K
Event: 7015.682 GC heap after
Heap after GC invocations=1090 (full 82):
 PSYoungGen      total 57856K, used 1440K [0x00000007bc400000, 0x00000007c0000000, 0x00000007c0000000)
  eden space 54272K, 0% used [0x00000007bc400000,0x00000007bc400000,0x00000007bf900000)
  from space 3584K, 40% used [0x00000007bfc80000,0x00000007bfde8000,0x00000007c0000000)
  to   space 3584K, 0% used [0x00000007bf900000,0x00000007bf900000,0x00000007bfc80000)
 ParOldGen       total 235008K, used 119288K [0x0000000700000000, 0x000000070e580000, 0x00000007bc400000)
  object space 235008K, 50% used [0x0000000700000000,0x000000070747e060,0x000000070e580000)
 Metaspace       used 87851K, capacity 88805K, committed 89520K, reserved 1126400K
  class space    used 12220K, capacity 12387K, committed 12464K, reserved 1048576K
}
Event: 7027.574 GC heap before
{Heap before GC invocations=1091 (full 82):
 PSYoungGen      total 57856K, used 55712K [0x00000007bc400000, 0x00000007c0000000, 0x00000007c0000000)
  eden space 54272K, 100% used [0x00000007bc400000,0x00000007bf900000,0x00000007bf900000)
  from space 3584K, 40% used [0x00000007bfc80000,0x00000007bfde8000,0x00000007c0000000)
  to   space 3584K, 0% used [0x00000007bf900000,0x00000007bf900000,0x00000007bfc80000)
 ParOldGen       total 235008K, used 119288K [0x0000000700000000, 0x000000070e580000, 0x00000007bc400000)
  object space 235008K, 50% used [0x0000000700000000,0x000000070747e060,0x000000070e580000)
 Metaspace       used 87851K, capacity 88805K, committed 89520K, reserved 1126400K
  class space    used 12220K, capacity 12387K, committed 12464K, reserved 1048576K
Event: 7027.579 GC heap after
Heap after GC invocations=1091 (full 82):
 PSYoungGen      total 57856K, used 2144K [0x00000007bc400000, 0x00000007c0000000, 0x00000007c0000000)
  eden space 54272K, 0% used [0x00000007bc400000,0x00000007bc400000,0x00000007bf900000)
  from space 3584K, 59% used [0x00000007bf900000,0x00000007bfb18010,0x00000007bfc80000)
  to   space 3584K, 0% used [0x00000007bfc80000,0x00000007bfc80000,0x00000007c0000000)
 ParOldGen       total 235008K, used 119352K [0x0000000700000000, 0x000000070e580000, 0x00000007bc400000)
  object space 235008K, 50% used [0x0000000700000000,0x000000070748e060,0x000000070e580000)
 Metaspace       used 87851K, capacity 88805K, committed 89520K, reserved 1126400K
  class space    used 12220K, capacity 12387K, committed 12464K, reserved 1048576K
}
Event: 7039.473 GC heap before
{Heap before GC invocations=1092 (full 82):
 PSYoungGen      total 57856K, used 56416K [0x00000007bc400000, 0x00000007c0000000, 0x00000007c0000000)
  eden space 54272K, 100% used [0x00000007bc400000,0x00000007bf900000,0x00000007bf900000)
  from space 3584K, 59% used [0x00000007bf900000,0x00000007bfb18010,0x00000007bfc80000)
  to   space 3584K, 0% used [0x00000007bfc80000,0x00000007bfc80000,0x00000007c0000000)
 ParOldGen       total 235008K, used 119352K [0x0000000700000000, 0x000000070e580000, 0x00000007bc400000)
  object space 235008K, 50% used [0x0000000700000000,0x000000070748e060,0x000000070e580000)
 Metaspace       used 87851K, capacity 88805K, committed 89520K, reserved 1126400K
  class space    used 12220K, capacity 12387K, committed 12464K, reserved 1048576K
Event: 7039.478 GC heap after
Heap after GC invocations=1092 (full 82):
 PSYoungGen      total 57856K, used 2400K [0x00000007bc400000, 0x00000007c0000000, 0x00000007c0000000)
  eden space 54272K, 0% used [0x00000007bc400000,0x00000007bc400000,0x00000007bf900000)
  from space 3584K, 66% used [0x00000007bfc80000,0x00000007bfed8010,0x00000007c0000000)
  to   space 3584K, 0% used [0x00000007bf900000,0x00000007bf900000,0x00000007bfc80000)
 ParOldGen       total 235008K, used 119400K [0x0000000700000000, 0x000000070e580000, 0x00000007bc400000)
  object space 235008K, 50% used [0x0000000700000000,0x000000070749a060,0x000000070e580000)
 Metaspace       used 87851K, capacity 88805K, committed 89520K, reserved 1126400K
  class space    used 12220K, capacity 12387K, committed 12464K, reserved 1048576K
}
Event: 7049.800 GC heap before
{Heap before GC invocations=1093 (full 82):
 PSYoungGen      total 57856K, used 56672K [0x00000007bc400000, 0x00000007c0000000, 0x00000007c0000000)
  eden space 54272K, 100% used [0x00000007bc400000,0x00000007bf900000,0x00000007bf900000)
  from space 3584K, 66% used [0x00000007bfc80000,0x00000007bfed8010,0x00000007c0000000)
  to   space 3584K, 0% used [0x00000007bf900000,0x00000007bf900000,0x00000007bfc80000)
 ParOldGen       total 235008K, used 119400K [0x0000000700000000, 0x000000070e580000, 0x00000007bc400000)
  object space 235008K, 50% used [0x0000000700000000,0x000000070749a060,0x000000070e580000)
 Metaspace       used 87851K, capacity 88805K, committed 89520K, reserved 1126400K
  class space    used 12220K, capacity 12387K, committed 12464K, reserved 1048576K
Event: 7049.804 GC heap after
Heap after GC invocations=1093 (full 82):
 PSYoungGen      total 57856K, used 2400K [0x00000007bc400000, 0x00000007c0000000, 0x00000007c0000000)
  eden space 54272K, 0% used [0x00000007bc400000,0x00000007bc400000,0x00000007bf900000)
  from space 3584K, 66% used [0x00000007bf900000,0x00000007bfb58010,0x00000007bfc80000)
  to   space 3584K, 0% used [0x00000007bfc80000,0x00000007bfc80000,0x00000007c0000000)
 ParOldGen       total 235008K, used 119408K [0x0000000700000000, 0x000000070e580000, 0x00000007bc400000)
  object space 235008K, 50% used [0x0000000700000000,0x000000070749c060,0x000000070e580000)
 Metaspace       used 87851K, capacity 88805K, committed 89520K, reserved 1126400K
  class space    used 12220K, capacity 12387K, committed 12464K, reserved 1048576K
}

